<?xml version="1.0" encoding="UTF-8"?>
<!-- Generated by org.testng.reporters.JUnitReportReporter -->
<testsuite hostname="NX00350" failures="0" tests="2" name="com.tutorialsninja.qa.testcases.LoginTest" time="21.356" errors="0" timestamp="2023-10-23T19:09:44 PKT" skipped="0">
  <testcase classname="com.tutorialsninja.qa.testcases.LoginTest" name="verifyLoginWithInvalidCredentials" time="10.194"/>
  <testcase classname="com.tutorialsninja.qa.testcases.LoginTest" name="verifyLoginWithValidCredentials" time="11.162"/>
</testsuite> <!-- com.tutorialsninja.qa.testcases.LoginTest -->
