<?xml version="1.0" encoding="UTF-8"?>
<!-- Generated by org.testng.reporters.JUnitReportReporter -->
<testsuite hostname="NX00350" failures="0" tests="1" name="com.tutorialsninja.qa.testcases.RegisterTest" time="12.247" errors="0" timestamp="2023-10-19T13:12:18 PKT" skipped="0">
  <testcase classname="com.tutorialsninja.qa.testcases.RegisterTest" name="registerAccountWithAlreadyExistingCredentials" time="12.247"/>
</testsuite> <!-- com.tutorialsninja.qa.testcases.RegisterTest -->
