<?xml version="1.0" encoding="UTF-8"?>
<!-- Generated by org.testng.reporters.JUnitReportReporter -->
<testsuite hostname="NX00350" failures="0" tests="2" name="com.tutorialsninja.qa.testcases.LoginTest" time="18.818" errors="0" timestamp="2023-10-19T13:12:18 PKT" skipped="0">
  <testcase classname="com.tutorialsninja.qa.testcases.LoginTest" name="verifyLoginWithInvalidCredentials" time="9.212"/>
  <testcase classname="com.tutorialsninja.qa.testcases.LoginTest" name="verifyLoginWithValidCredentials" time="9.606"/>
</testsuite> <!-- com.tutorialsninja.qa.testcases.LoginTest -->
